-------------------------------------------------------------------------------
Test set: com.hybris.hybris123.runtime.tests.Hybris123Tests
-------------------------------------------------------------------------------
Tests run: 1, Failures: 1, Errors: 0, Skipped: 0, Time elapsed: 0.443 s <<< FAILURE! - in com.hybris.hybris123.runtime.tests.Hybris123Tests
gitRepoOk(com.hybris.hybris123.runtime.tests.Hybris123Tests)  Time elapsed: 0.155 s  <<< FAILURE!
java.lang.AssertionError: Git Repo has not been set up correctly
	at com.hybris.hybris123.runtime.tests.Hybris123Tests.assertTrue(Hybris123Tests.java:559)
	at com.hybris.hybris123.runtime.tests.Hybris123Tests.gitRepoOk(Hybris123Tests.java:172)

